  main.cpp
c:\users\user\downloads\sdl-sessió 2 (1)\main.cpp(16): warning C4297: 'SDL_main': function assumed not to throw an exception but does
  c:\users\user\downloads\sdl-sessió 2 (1)\main.cpp(16): note: __declspec(nothrow), throw(), noexcept(true), or noexcept was specified on the function
c:\users\user\downloads\sdl-sessió 2 (1)\main.cpp(21): warning C4297: 'SDL_main': function assumed not to throw an exception but does
  c:\users\user\downloads\sdl-sessió 2 (1)\main.cpp(21): note: __declspec(nothrow), throw(), noexcept(true), or noexcept was specified on the function
c:\users\user\downloads\sdl-sessió 2 (1)\main.cpp(26): warning C4297: 'SDL_main': function assumed not to throw an exception but does
  c:\users\user\downloads\sdl-sessió 2 (1)\main.cpp(26): note: __declspec(nothrow), throw(), noexcept(true), or noexcept was specified on the function
c:\users\user\downloads\sdl-sessió 2 (1)\main.cpp(30): warning C4297: 'SDL_main': function assumed not to throw an exception but does
  c:\users\user\downloads\sdl-sessió 2 (1)\main.cpp(30): note: __declspec(nothrow), throw(), noexcept(true), or noexcept was specified on the function
c:\users\user\downloads\sdl-sessió 2 (1)\main.cpp(38): warning C4297: 'SDL_main': function assumed not to throw an exception but does
  c:\users\user\downloads\sdl-sessió 2 (1)\main.cpp(38): note: __declspec(nothrow), throw(), noexcept(true), or noexcept was specified on the function
  Arkanoid.vcxproj -> C:\Users\User\Documents\Repositories\ArkanoidPrograII\Arkanoid\\bin\Win32Debug\Arkanoid.exe
  C:\Users\User\Documents\Repositories\ArkanoidPrograII\Arkanoid\\dep\dll\x86\libFLAC-8.dll
  C:\Users\User\Documents\Repositories\ArkanoidPrograII\Arkanoid\\dep\dll\x86\libfreetype-6.dll
  C:\Users\User\Documents\Repositories\ArkanoidPrograII\Arkanoid\\dep\dll\x86\libjpeg-9.dll
  C:\Users\User\Documents\Repositories\ArkanoidPrograII\Arkanoid\\dep\dll\x86\libmodplug-1.dll
  C:\Users\User\Documents\Repositories\ArkanoidPrograII\Arkanoid\\dep\dll\x86\libogg-0.dll
  C:\Users\User\Documents\Repositories\ArkanoidPrograII\Arkanoid\\dep\dll\x86\libpng16-16.dll
  C:\Users\User\Documents\Repositories\ArkanoidPrograII\Arkanoid\\dep\dll\x86\libtiff-5.dll
  C:\Users\User\Documents\Repositories\ArkanoidPrograII\Arkanoid\\dep\dll\x86\libvorbis-0.dll
  C:\Users\User\Documents\Repositories\ArkanoidPrograII\Arkanoid\\dep\dll\x86\libvorbisfile-3.dll
  C:\Users\User\Documents\Repositories\ArkanoidPrograII\Arkanoid\\dep\dll\x86\libwebp-4.dll
  C:\Users\User\Documents\Repositories\ArkanoidPrograII\Arkanoid\\dep\dll\x86\SDL2.dll
  C:\Users\User\Documents\Repositories\ArkanoidPrograII\Arkanoid\\dep\dll\x86\SDL2_image.dll
  C:\Users\User\Documents\Repositories\ArkanoidPrograII\Arkanoid\\dep\dll\x86\SDL2_mixer.dll
  C:\Users\User\Documents\Repositories\ArkanoidPrograII\Arkanoid\\dep\dll\x86\SDL2_net.dll
  C:\Users\User\Documents\Repositories\ArkanoidPrograII\Arkanoid\\dep\dll\x86\SDL2_ttf.dll
  C:\Users\User\Documents\Repositories\ArkanoidPrograII\Arkanoid\\dep\dll\x86\smpeg2.dll
  C:\Users\User\Documents\Repositories\ArkanoidPrograII\Arkanoid\\dep\dll\x86\zlib1.dll
  17 File(s) copied
